  BattleCommand.cpp
C:\Users\student\Desktop\DxLibGame_3DRPG\01.MyDxLibGame3D\AssetManager.h(8,1): warning C4067: プリプロセッサ ディレクティブの後に余分な文字がありました - 改行が必要です
C:\Users\student\Desktop\DxLibGame_3DRPG\01.MyDxLibGame3D\BattleCommandManager.h(24,1): warning C4267: '=': 'size_t' から 'int' に変換しました。データが失われているかもしれません。
C:\Users\student\Desktop\DxLibGame_3DRPG\01.MyDxLibGame3D\BattleCommandManager.h(60,1): warning C4267: '=': 'size_t' から 'int' に変換しました。データが失われているかもしれません。
  BattleComparison.cpp
C:\Users\student\Desktop\DxLibGame_3DRPG\01.MyDxLibGame3D\AssetManager.h(8,1): warning C4067: プリプロセッサ ディレクティブの後に余分な文字がありました - 改行が必要です
  BattleContinue.cpp
C:\Users\student\Desktop\DxLibGame_3DRPG\01.MyDxLibGame3D\AssetManager.h(8,1): warning C4067: プリプロセッサ ディレクティブの後に余分な文字がありました - 改行が必要です
  BattleDefeat.cpp
C:\Users\student\Desktop\DxLibGame_3DRPG\01.MyDxLibGame3D\AssetManager.h(8,1): warning C4067: プリプロセッサ ディレクティブの後に余分な文字がありました - 改行が必要です
  BattleEscape.cpp
C:\Users\student\Desktop\DxLibGame_3DRPG\01.MyDxLibGame3D\AssetManager.h(8,1): warning C4067: プリプロセッサ ディレクティブの後に余分な文字がありました - 改行が必要です
  BattleEventManager.cpp
C:\Users\student\Desktop\DxLibGame_3DRPG\01.MyDxLibGame3D\AssetManager.h(8,1): warning C4067: プリプロセッサ ディレクティブの後に余分な文字がありました - 改行が必要です
C:\Users\student\Desktop\DxLibGame_3DRPG\01.MyDxLibGame3D\BattleCommandManager.h(24,1): warning C4267: '=': 'size_t' から 'int' に変換しました。データが失われているかもしれません。
C:\Users\student\Desktop\DxLibGame_3DRPG\01.MyDxLibGame3D\BattleCommandManager.h(60,1): warning C4267: '=': 'size_t' から 'int' に変換しました。データが失われているかもしれません。
  BattleMoveMentEnd.cpp
C:\Users\student\Desktop\DxLibGame_3DRPG\01.MyDxLibGame3D\AssetManager.h(8,1): warning C4067: プリプロセッサ ディレクティブの後に余分な文字がありました - 改行が必要です
  BattleMoveMentStart.cpp
C:\Users\student\Desktop\DxLibGame_3DRPG\01.MyDxLibGame3D\AssetManager.h(8,1): warning C4067: プリプロセッサ ディレクティブの後に余分な文字がありました - 改行が必要です
C:\Users\student\Desktop\DxLibGame_3DRPG\01.MyDxLibGame3D\BattleMoveMentStart.cpp(83,37): error C2248: 'Character::Action': protected メンバー (クラス 'Character' で宣言されている) にアクセスできません。
C:\Users\student\Desktop\DxLibGame_3DRPG\01.MyDxLibGame3D\Character.h(125): message : 'Character::Action' の宣言を確認してください
C:\Users\student\Desktop\DxLibGame_3DRPG\01.MyDxLibGame3D\Character.h(22): message : 'Character' の宣言を確認してください
  BattleStart.cpp
C:\Users\student\Desktop\DxLibGame_3DRPG\01.MyDxLibGame3D\AssetManager.h(8,1): warning C4067: プリプロセッサ ディレクティブの後に余分な文字がありました - 改行が必要です
  BattleVictory.cpp
C:\Users\student\Desktop\DxLibGame_3DRPG\01.MyDxLibGame3D\AssetManager.h(8,1): warning C4067: プリプロセッサ ディレクティブの後に余分な文字がありました - 改行が必要です
  Deamon.cpp
C:\Users\student\Desktop\DxLibGame_3DRPG\01.MyDxLibGame3D\AssetManager.h(8,1): warning C4067: プリプロセッサ ディレクティブの後に余分な文字がありました - 改行が必要です
  EndScene.cpp
C:\Users\student\Desktop\DxLibGame_3DRPG\01.MyDxLibGame3D\AssetManager.h(8,1): warning C4067: プリプロセッサ ディレクティブの後に余分な文字がありました - 改行が必要です
  Enemy.cpp
C:\Users\student\Desktop\DxLibGame_3DRPG\01.MyDxLibGame3D\AssetManager.h(8,1): warning C4067: プリプロセッサ ディレクティブの後に余分な文字がありました - 改行が必要です
  PlayScene.cpp
C:\Users\student\Desktop\DxLibGame_3DRPG\01.MyDxLibGame3D\AssetManager.h(8,1): warning C4067: プリプロセッサ ディレクティブの後に余分な文字がありました - 改行が必要です
C:\Users\student\Desktop\DxLibGame_3DRPG\01.MyDxLibGame3D\PlayScene.cpp(231,23): warning C4244: '引数': 'float' から 'int' への変換です。データが失われる可能性があります。
C:\Users\student\Desktop\DxLibGame_3DRPG\01.MyDxLibGame3D\PlayScene.cpp(236,23): warning C4244: '引数': 'float' から 'int' への変換です。データが失われる可能性があります。
C:\Users\student\Desktop\DxLibGame_3DRPG\01.MyDxLibGame3D\PlayScene.cpp(252,74): warning C4244: '引数': 'float' から 'int' への変換です。データが失われる可能性があります。
  Player.cpp
C:\Users\student\Desktop\DxLibGame_3DRPG\01.MyDxLibGame3D\AssetManager.h(8,1): warning C4067: プリプロセッサ ディレクティブの後に余分な文字がありました - 改行が必要です
  SceneManager.cpp
C:\Users\student\Desktop\DxLibGame_3DRPG\01.MyDxLibGame3D\AssetManager.h(8,1): warning C4067: プリプロセッサ ディレクティブの後に余分な文字がありました - 改行が必要です
  SimpleCommand.cpp
C:\Users\student\Desktop\DxLibGame_3DRPG\01.MyDxLibGame3D\AssetManager.h(8,1): warning C4067: プリプロセッサ ディレクティブの後に余分な文字がありました - 改行が必要です
  SkillCommand.cpp
C:\Users\student\Desktop\DxLibGame_3DRPG\01.MyDxLibGame3D\AssetManager.h(8,1): warning C4067: プリプロセッサ ディレクティブの後に余分な文字がありました - 改行が必要です
  TargetCommand.cpp
C:\Users\student\Desktop\DxLibGame_3DRPG\01.MyDxLibGame3D\AssetManager.h(8,1): warning C4067: プリプロセッサ ディレクティブの後に余分な文字がありました - 改行が必要です
  コードを生成中...
