c:\users\student\desktop\dxlibgame_3drpg\01.mydxlibgame3d\debug\vc143.pdb
c:\users\student\desktop\dxlibgame_3drpg\01.mydxlibgame3d\debug\vc143.idb
c:\users\student\desktop\dxlibgame_3drpg\01.mydxlibgame3d\debug\player.obj
c:\users\student\desktop\dxlibgame_3drpg\01.mydxlibgame3d\debug\playscene.obj
c:\users\student\desktop\dxlibgame_3drpg\01.mydxlibgame3d\debug\input.obj
c:\users\student\desktop\dxlibgame_3drpg\01.mydxlibgame3d\debug\field.obj
c:\users\student\desktop\dxlibgame_3drpg\01.mydxlibgame3d\debug\enemy.obj
c:\users\student\desktop\dxlibgame_3drpg\01.mydxlibgame3d\debug\endscene.obj
c:\users\student\desktop\dxlibgame_3drpg\01.mydxlibgame3d\debug\debugdrawgrid.obj
c:\users\student\desktop\dxlibgame_3drpg\01.mydxlibgame3d\debug\deamon.obj
c:\users\student\desktop\dxlibgame_3drpg\01.mydxlibgame3d\debug\battlevictory.obj
c:\users\student\desktop\dxlibgame_3drpg\01.mydxlibgame3d\debug\battlestart.obj
c:\users\student\desktop\dxlibgame_3drpg\01.mydxlibgame3d\debug\battlemovementstart.obj
c:\users\student\desktop\dxlibgame_3drpg\01.mydxlibgame3d\debug\battlemovementend.obj
c:\users\student\desktop\dxlibgame_3drpg\01.mydxlibgame3d\debug\battleescape.obj
c:\users\student\desktop\dxlibgame_3drpg\01.mydxlibgame3d\debug\battledefeat.obj
c:\users\student\desktop\dxlibgame_3drpg\01.mydxlibgame3d\debug\battlecontinue.obj
c:\users\student\desktop\dxlibgame_3drpg\01.mydxlibgame3d\debug\battlecomparison.obj
c:\users\student\desktop\dxlibgame_3drpg\01.mydxlibgame3d\debug\battlecommand.obj
c:\users\student\desktop\dxlibgame_3drpg\01.mydxlibgame3d\debug\assetmanager.obj
c:\users\student\desktop\dxlibgame_3drpg\01.mydxlibgame3d\debug\arrowsymbol.obj
c:\users\student\desktop\dxlibgame_3drpg\01.mydxlibgame3d\debug\app.obj
c:\users\student\desktop\dxlibgame_3drpg\01.mydxlibgame3d\debug\main.obj
c:\users\student\desktop\dxlibgame_3drpg\01.mydxlibgame3d\debug\titlescene.obj
c:\users\student\desktop\dxlibgame_3drpg\01.mydxlibgame3d\debug\scenemanager.obj
c:\users\student\desktop\dxlibgame_3drpg\01.mydxlibgame3d\debug\mydxlibgame3d.exe
c:\users\student\desktop\dxlibgame_3drpg\01.mydxlibgame3d\debug\mydxlibgame3d.ilk
c:\users\student\desktop\dxlibgame_3drpg\01.mydxlibgame3d\debug\mydxlibgame3d.pdb
c:\users\student\desktop\dxlibgame_3drpg\01.mydxlibgame3d\debug\mydxlibgame3d.tlog\cl.command.1.tlog
c:\users\student\desktop\dxlibgame_3drpg\01.mydxlibgame3d\debug\mydxlibgame3d.tlog\cl.read.1.tlog
c:\users\student\desktop\dxlibgame_3drpg\01.mydxlibgame3d\debug\mydxlibgame3d.tlog\cl.write.1.tlog
c:\users\student\desktop\dxlibgame_3drpg\01.mydxlibgame3d\debug\mydxlibgame3d.tlog\link.command.1.tlog
c:\users\student\desktop\dxlibgame_3drpg\01.mydxlibgame3d\debug\mydxlibgame3d.tlog\link.read.1.tlog
c:\users\student\desktop\dxlibgame_3drpg\01.mydxlibgame3d\debug\mydxlibgame3d.tlog\link.write.1.tlog
